action: py37, msg: envreport
cwd: /root/Desktop/Application-Security/your/webroot
cmd: /root/Desktop/Application-Security/your/webroot/.tox/py37/bin/python -m pip freeze
atomicwrites==1.3.0
attrs==19.3.0
Click==7.0
Flask==1.1.1
Flask-JWT-Extended==3.24.0
Flask-SQLAlchemy==2.4.1
importlib-metadata==0.23
itsdangerous==1.1.0
Jinja2==2.10.3
MarkupSafe==1.1.1
more-itertools==7.2.0
packaging==19.2
passlib==1.7.1
pluggy==0.13.0
py==1.8.0
PyJWT==1.7.1
pyparsing==2.4.2
pytest==5.2.1
pytest-flask==0.15.0
six==1.12.0
SQLAlchemy==1.3.10
wcwidth==0.1.7
Werkzeug==0.16.0
zipp==0.6.0
