action: py37, msg: getenv
cwd: /root/Desktop/Application-Security/your/webroot
cmd: /root/Desktop/Application-Security/your/webroot/.tox/py37/bin/python -m pip install pytest pytest-flask flask_sqlalchemy flask_jwt_extended passlib
Collecting pytest
  Using cached https://files.pythonhosted.org/packages/0c/91/d68f68ce54cd3e8afa1ef73ea1ad44df2438521b64c0820e5fd9b9f13b7d/pytest-5.2.1-py3-none-any.whl
Collecting pytest-flask
  Using cached https://files.pythonhosted.org/packages/a4/3b/d88d4140df2e89543b46a3373393954f7f67eef30f7154c885e72dc6e7ea/pytest_flask-0.15.0-py2.py3-none-any.whl
Collecting flask_sqlalchemy
  Using cached https://files.pythonhosted.org/packages/1e/65/226d95466c75e34e291a76890ed0e27af2e46ab913002847856f11d4d59d/Flask_SQLAlchemy-2.4.1-py2.py3-none-any.whl
Collecting flask_jwt_extended
Collecting passlib
  Using cached https://files.pythonhosted.org/packages/ee/a7/d6d238d927df355d4e4e000670342ca4705a72f0bf694027cf67d9bcf5af/passlib-1.7.1-py2.py3-none-any.whl
Collecting pluggy<1.0,>=0.12 (from pytest)
  Using cached https://files.pythonhosted.org/packages/92/c7/48439f7d5fd6bddb4c04b850bb862b42e3e2b98570040dfaf68aedd8114b/pluggy-0.13.0-py2.py3-none-any.whl
Collecting more-itertools>=4.0.0 (from pytest)
  Using cached https://files.pythonhosted.org/packages/45/dc/3241eef99eb45f1def35cf93af35d1cf9ef4c0991792583b8f33ea41b092/more_itertools-7.2.0-py3-none-any.whl
Collecting packaging (from pytest)
  Using cached https://files.pythonhosted.org/packages/cf/94/9672c2d4b126e74c4496c6b3c58a8b51d6419267be9e70660ba23374c875/packaging-19.2-py2.py3-none-any.whl
Collecting atomicwrites>=1.0 (from pytest)
  Using cached https://files.pythonhosted.org/packages/52/90/6155aa926f43f2b2a22b01be7241be3bfd1ceaf7d0b3267213e8127d41f4/atomicwrites-1.3.0-py2.py3-none-any.whl
Collecting py>=1.5.0 (from pytest)
  Using cached https://files.pythonhosted.org/packages/76/bc/394ad449851729244a97857ee14d7cba61ddb268dce3db538ba2f2ba1f0f/py-1.8.0-py2.py3-none-any.whl
Collecting wcwidth (from pytest)
  Using cached https://files.pythonhosted.org/packages/7e/9f/526a6947247599b084ee5232e4f9190a38f398d7300d866af3ab571a5bfe/wcwidth-0.1.7-py2.py3-none-any.whl
Collecting importlib-metadata>=0.12; python_version < "3.8" (from pytest)
  Using cached https://files.pythonhosted.org/packages/f6/d2/40b3fa882147719744e6aa50ac39cf7a22a913cbcba86a0371176c425a3b/importlib_metadata-0.23-py2.py3-none-any.whl
Collecting attrs>=17.4.0 (from pytest)
  Using cached https://files.pythonhosted.org/packages/a2/db/4313ab3be961f7a763066401fb77f7748373b6094076ae2bda2806988af6/attrs-19.3.0-py2.py3-none-any.whl
Collecting Flask (from pytest-flask)
  Using cached https://files.pythonhosted.org/packages/9b/93/628509b8d5dc749656a9641f4caf13540e2cdec85276964ff8f43bbb1d3b/Flask-1.1.1-py2.py3-none-any.whl
Collecting Werkzeug>=0.7 (from pytest-flask)
  Using cached https://files.pythonhosted.org/packages/ce/42/3aeda98f96e85fd26180534d36570e4d18108d62ae36f87694b476b83d6f/Werkzeug-0.16.0-py2.py3-none-any.whl
Collecting SQLAlchemy>=0.8.0 (from flask_sqlalchemy)
Collecting six (from flask_jwt_extended)
  Using cached https://files.pythonhosted.org/packages/73/fb/00a976f728d0d1fecfe898238ce23f502a721c0ac0ecfedb80e0d88c64e9/six-1.12.0-py2.py3-none-any.whl
Collecting PyJWT>=1.6.4 (from flask_jwt_extended)
  Using cached https://files.pythonhosted.org/packages/87/8b/6a9f14b5f781697e51259d81657e6048fd31a113229cf346880bb7545565/PyJWT-1.7.1-py2.py3-none-any.whl
Collecting pyparsing>=2.0.2 (from packaging->pytest)
  Using cached https://files.pythonhosted.org/packages/11/fa/0160cd525c62d7abd076a070ff02b2b94de589f1a9789774f17d7c54058e/pyparsing-2.4.2-py2.py3-none-any.whl
Collecting zipp>=0.5 (from importlib-metadata>=0.12; python_version < "3.8"->pytest)
  Using cached https://files.pythonhosted.org/packages/74/3d/1ee25a26411ba0401b43c6376d2316a71addcc72ef8690b101b4ea56d76a/zipp-0.6.0-py2.py3-none-any.whl
Collecting click>=5.1 (from Flask->pytest-flask)
  Using cached https://files.pythonhosted.org/packages/fa/37/45185cb5abbc30d7257104c434fe0b07e5a195a6847506c074527aa599ec/Click-7.0-py2.py3-none-any.whl
Collecting Jinja2>=2.10.1 (from Flask->pytest-flask)
  Using cached https://files.pythonhosted.org/packages/65/e0/eb35e762802015cab1ccee04e8a277b03f1d8e53da3ec3106882ec42558b/Jinja2-2.10.3-py2.py3-none-any.whl
Collecting itsdangerous>=0.24 (from Flask->pytest-flask)
  Using cached https://files.pythonhosted.org/packages/76/ae/44b03b253d6fade317f32c24d100b3b35c2239807046a4c953c7b89fa49e/itsdangerous-1.1.0-py2.py3-none-any.whl
Collecting MarkupSafe>=0.23 (from Jinja2>=2.10.1->Flask->pytest-flask)
  Using cached https://files.pythonhosted.org/packages/98/7b/ff284bd8c80654e471b769062a9b43cc5d03e7a615048d96f4619df8d420/MarkupSafe-1.1.1-cp37-cp37m-manylinux1_x86_64.whl
Installing collected packages: more-itertools, zipp, importlib-metadata, pluggy, six, pyparsing, packaging, atomicwrites, py, wcwidth, attrs, pytest, click, MarkupSafe, Jinja2, Werkzeug, itsdangerous, Flask, pytest-flask, SQLAlchemy, flask-sqlalchemy, PyJWT, flask-jwt-extended, passlib
Successfully installed Flask-1.1.1 Jinja2-2.10.3 MarkupSafe-1.1.1 PyJWT-1.7.1 SQLAlchemy-1.3.10 Werkzeug-0.16.0 atomicwrites-1.3.0 attrs-19.3.0 click-7.0 flask-jwt-extended-3.24.0 flask-sqlalchemy-2.4.1 importlib-metadata-0.23 itsdangerous-1.1.0 more-itertools-7.2.0 packaging-19.2 passlib-1.7.1 pluggy-0.13.0 py-1.8.0 pyparsing-2.4.2 pytest-5.2.1 pytest-flask-0.15.0 six-1.12.0 wcwidth-0.1.7 zipp-0.6.0
WARNING: You are using pip version 19.2.3, however version 19.3 is available.
You should consider upgrading via the 'pip install --upgrade pip' command.
